<?xml version="1.0" encoding="UTF-8"?>
<coverage generated="1691667125321" clover="3.2.0">
  <project timestamp="1691667125321" name="All files">
    <metrics statements="30" coveredstatements="12" conditionals="1" coveredconditionals="1" methods="5" coveredmethods="1" elements="36" coveredelements="14" complexity="0" loc="30" ncloc="30" packages="1" files="1" classes="1"/>
    <file name="switchToFunctionExercise.js" path="/home/leonardo/development/js/FunctionlJS/Chapter3/switchToFunctionExercise.js">
      <metrics statements="30" coveredstatements="12" conditionals="1" coveredconditionals="1" methods="5" coveredmethods="1"/>
      <line num="1" count="0" type="stmt"/>
      <line num="2" count="0" type="stmt"/>
      <line num="3" count="0" type="stmt"/>
      <line num="4" count="0" type="stmt"/>
      <line num="5" count="0" type="stmt"/>
      <line num="6" count="0" type="stmt"/>
      <line num="7" count="0" type="stmt"/>
      <line num="8" count="0" type="stmt"/>
      <line num="9" count="0" type="stmt"/>
      <line num="10" count="0" type="stmt"/>
      <line num="11" count="0" type="stmt"/>
      <line num="12" count="0" type="stmt"/>
      <line num="13" count="1" type="stmt"/>
      <line num="14" count="1" type="stmt"/>
      <line num="15" count="1" type="cond" truecount="1" falsecount="0"/>
      <line num="16" count="1" type="stmt"/>
      <line num="17" count="1" type="stmt"/>
      <line num="18" count="1" type="stmt"/>
      <line num="19" count="0" type="stmt"/>
      <line num="20" count="1" type="stmt"/>
      <line num="21" count="1" type="stmt"/>
      <line num="22" count="0" type="stmt"/>
      <line num="23" count="0" type="stmt"/>
      <line num="24" count="1" type="stmt"/>
      <line num="25" count="1" type="stmt"/>
      <line num="26" count="0" type="stmt"/>
      <line num="27" count="0" type="stmt"/>
      <line num="28" count="0" type="stmt"/>
      <line num="29" count="1" type="stmt"/>
      <line num="30" count="1" type="stmt"/>
    </file>
  </project>
</coverage>
