TN:
SF:FunctionlJS/Chapter2/index.js
FN:1,once
FN:45,onceAndAfter
FN:57,squeak
FN:58,creak
FNF:4
FNH:3
FNDA:0,once
FNDA:2,onceAndAfter
FNDA:1,squeak
FNDA:3,creak
DA:1,1
DA:2,0
DA:3,0
DA:4,0
DA:5,0
DA:6,0
DA:7,0
DA:8,0
DA:9,0
DA:10,0
DA:11,0
DA:12,0
DA:13,0
DA:14,0
DA:15,0
DA:16,0
DA:17,1
DA:18,1
DA:19,1
DA:20,1
DA:21,1
DA:22,1
DA:23,1
DA:24,1
DA:25,1
DA:26,1
DA:27,1
DA:28,1
DA:29,1
DA:30,1
DA:31,1
DA:32,1
DA:33,1
DA:34,1
DA:35,1
DA:36,1
DA:37,1
DA:38,1
DA:39,1
DA:40,1
DA:41,1
DA:42,1
DA:43,1
DA:44,1
DA:45,1
DA:46,2
DA:47,2
DA:48,8
DA:49,2
DA:50,2
DA:51,8
DA:52,6
DA:53,6
DA:54,8
DA:55,2
DA:56,1
DA:57,1
DA:58,1
DA:59,1
DA:60,1
DA:61,1
DA:62,1
DA:63,1
DA:64,1
DA:65,1
DA:66,1
DA:67,1
DA:68,1
DA:69,1
DA:70,1
DA:71,1
DA:72,1
LF:72
LH:57
BRDA:45,0,0,2
BRDA:47,1,0,8
BRDA:48,2,0,2
BRDA:51,3,0,6
BRDA:57,4,0,1
BRDA:58,5,0,3
BRF:6
BRH:6
end_of_record
