TN:
SF:FunctionlJS/Chapter3/switchToFunctionExercise.js
FN:1,performAction
FN:15,INCREMENT
FN:18,DECREMENT
FN:21,RESET
FN:26,performAction2
FNF:5
FNH:1
FNDA:0,performAction
FNDA:1,INCREMENT
FNDA:0,DECREMENT
FNDA:0,RESET
FNDA:0,performAction2
DA:1,0
DA:2,0
DA:3,0
DA:4,0
DA:5,0
DA:6,0
DA:7,0
DA:8,0
DA:9,0
DA:10,0
DA:11,0
DA:12,0
DA:13,1
DA:14,1
DA:15,1
DA:16,1
DA:17,1
DA:18,1
DA:19,0
DA:20,1
DA:21,1
DA:22,0
DA:23,0
DA:24,1
DA:25,1
DA:26,0
DA:27,0
DA:28,0
DA:29,1
DA:30,1
LF:30
LH:12
BRDA:15,0,0,1
BRF:1
BRH:1
end_of_record
